Determining if the include file pthread.h exists failed with the following output:
Change Dir: C:/Users/Shravankumar147/Downloads/Documents/Github/learnings/PyEnv_tests/cv_project/dlib/build/CMakeFiles/CMakeTmp

Run Build Command:"C:/Program Files (x86)/MSBuild/14.0/bin/MSBuild.exe" "cmTC_0b824.vcxproj" "/p:Configuration=Debug" "/p:VisualStudioVersion=14.0"
Microsoft (R) Build Engine version 14.0.25420.1
Copyright (C) Microsoft Corporation. All rights reserved.

Build started 2/28/2019 23:06:27.
Project "C:\Users\Shravankumar147\Downloads\Documents\Github\learnings\PyEnv_tests\cv_project\dlib\build\CMakeFiles\CMakeTmp\cmTC_0b824.vcxproj" on node 1 (default targets).
PrepareForBuild:
  Creating directory "cmTC_0b824.dir\Debug\".
  Creating directory "C:\Users\Shravankumar147\Downloads\Documents\Github\learnings\PyEnv_tests\cv_project\dlib\build\CMakeFiles\CMakeTmp\Debug\".
  Creating directory "cmTC_0b824.dir\Debug\cmTC_0b824.tlog\".
InitializeBuildStatus:
  Creating "cmTC_0b824.dir\Debug\cmTC_0b824.tlog\unsuccessfulbuild" because "AlwaysCreate" was specified.
ClCompile:
  C:\Program Files (x86)\Microsoft Visual Studio 14.0\VC\bin\CL.exe /c /Zi /W3 /WX- /Od /Ob0 /Oy- /D WIN32 /D _WINDOWS /D "CMAKE_INTDIR=\"Debug\"" /D _MBCS /Gm- /RTC1 /MDd /GS /fp:precise /Zc:wchar_t /Zc:forScope /Zc:inline /Fo"cmTC_0b824.dir\Debug\\" /Fd"cmTC_0b824.dir\Debug\vc140.pdb" /Gd /TC /analyze- /errorReport:queue C:\Users\Shravankumar147\Downloads\Documents\Github\learnings\PyEnv_tests\cv_project\dlib\build\CMakeFiles\CMakeTmp\CheckIncludeFile.c
  Microsoft (R) C/C++ Optimizing Compiler Version 19.00.24210 for x86
  Copyright (C) Microsoft Corporation.  All rights reserved.
  
  cl /c /Zi /W3 /WX- /Od /Ob0 /Oy- /D WIN32 /D _WINDOWS /D "CMAKE_INTDIR=\"Debug\"" /D _MBCS /Gm- /RTC1 /MDd /GS /fp:precise /Zc:wchar_t /Zc:forScope /Zc:inline /Fo"cmTC_0b824.dir\Debug\\" /Fd"cmTC_0b824.dir\Debug\vc140.pdb" /Gd /TC /analyze- /errorReport:queue C:\Users\Shravankumar147\Downloads\Documents\Github\learnings\PyEnv_tests\cv_project\dlib\build\CMakeFiles\CMakeTmp\CheckIncludeFile.c
  CheckIncludeFile.c
  
C:\Users\Shravankumar147\Downloads\Documents\Github\learnings\PyEnv_tests\cv_project\dlib\build\CMakeFiles\CMakeTmp\CheckIncludeFile.c(1): fatal error C1083: Cannot open include file: 'pthread.h': No such file or directory [C:\Users\Shravankumar147\Downloads\Documents\Github\learnings\PyEnv_tests\cv_project\dlib\build\CMakeFiles\CMakeTmp\cmTC_0b824.vcxproj]
Done Building Project "C:\Users\Shravankumar147\Downloads\Documents\Github\learnings\PyEnv_tests\cv_project\dlib\build\CMakeFiles\CMakeTmp\cmTC_0b824.vcxproj" (default targets) -- FAILED.

Build FAILED.

"C:\Users\Shravankumar147\Downloads\Documents\Github\learnings\PyEnv_tests\cv_project\dlib\build\CMakeFiles\CMakeTmp\cmTC_0b824.vcxproj" (default target) (1) ->
(ClCompile target) -> 
  C:\Users\Shravankumar147\Downloads\Documents\Github\learnings\PyEnv_tests\cv_project\dlib\build\CMakeFiles\CMakeTmp\CheckIncludeFile.c(1): fatal error C1083: Cannot open include file: 'pthread.h': No such file or directory [C:\Users\Shravankumar147\Downloads\Documents\Github\learnings\PyEnv_tests\cv_project\dlib\build\CMakeFiles\CMakeTmp\cmTC_0b824.vcxproj]

    0 Warning(s)
    1 Error(s)

Time Elapsed 00:00:01.36


Determining if the function sgemm_ exists failed with the following output:
Change Dir: C:/Users/Shravankumar147/Downloads/Documents/Github/learnings/PyEnv_tests/cv_project/dlib/build/CMakeFiles/CMakeTmp

Run Build Command:"C:/Program Files (x86)/MSBuild/14.0/bin/MSBuild.exe" "cmTC_05f2d.vcxproj" "/p:Configuration=Debug" "/p:VisualStudioVersion=14.0"
Microsoft (R) Build Engine version 14.0.25420.1
Copyright (C) Microsoft Corporation. All rights reserved.

Build started 2/28/2019 23:06:29.
Project "C:\Users\Shravankumar147\Downloads\Documents\Github\learnings\PyEnv_tests\cv_project\dlib\build\CMakeFiles\CMakeTmp\cmTC_05f2d.vcxproj" on node 1 (default targets).
PrepareForBuild:
  Creating directory "cmTC_05f2d.dir\Debug\".
  Creating directory "C:\Users\Shravankumar147\Downloads\Documents\Github\learnings\PyEnv_tests\cv_project\dlib\build\CMakeFiles\CMakeTmp\Debug\".
  Creating directory "cmTC_05f2d.dir\Debug\cmTC_05f2d.tlog\".
InitializeBuildStatus:
  Creating "cmTC_05f2d.dir\Debug\cmTC_05f2d.tlog\unsuccessfulbuild" because "AlwaysCreate" was specified.
ClCompile:
  C:\Program Files (x86)\Microsoft Visual Studio 14.0\VC\bin\CL.exe /c /Zi /W3 /WX- /Od /Ob0 /Oy- /D WIN32 /D _WINDOWS /D CHECK_FUNCTION_EXISTS=sgemm_ /D "CMAKE_INTDIR=\"Debug\"" /D _MBCS /Gm- /RTC1 /MDd /GS /fp:precise /Zc:wchar_t /Zc:forScope /Zc:inline /Fo"cmTC_05f2d.dir\Debug\\" /Fd"cmTC_05f2d.dir\Debug\vc140.pdb" /Gd /TC /analyze- /errorReport:queue "C:\Program Files\CMake\share\cmake-3.11\Modules\CheckFunctionExists.c"
  Microsoft (R) C/C++ Optimizing Compiler Version 19.00.24210 for x86
  Copyright (C) Microsoft Corporation.  All rights reserved.
  
  cl /c /Zi /W3 /WX- /Od /Ob0 /Oy- /D WIN32 /D _WINDOWS /D CHECK_FUNCTION_EXISTS=sgemm_ /D "CMAKE_INTDIR=\"Debug\"" /D _MBCS /Gm- /RTC1 /MDd /GS /fp:precise /Zc:wchar_t /Zc:forScope /Zc:inline /Fo"cmTC_05f2d.dir\Debug\\" /Fd"cmTC_05f2d.dir\Debug\vc140.pdb" /Gd /TC /analyze- /errorReport:queue "C:\Program Files\CMake\share\cmake-3.11\Modules\CheckFunctionExists.c"
  
  CheckFunctionExists.c
Link:
  C:\Program Files (x86)\Microsoft Visual Studio 14.0\VC\bin\link.exe /ERRORREPORT:QUEUE /OUT:"C:\Users\Shravankumar147\Downloads\Documents\Github\learnings\PyEnv_tests\cv_project\dlib\build\CMakeFiles\CMakeTmp\Debug\cmTC_05f2d.exe" /INCREMENTAL /NOLOGO C:\ProgramData\Anaconda3\Library\lib\mkl_intel_lp64_dll.lib C:\ProgramData\Anaconda3\Library\lib\libiomp5md.lib C:\ProgramData\Anaconda3\Library\lib\mkl_intel_thread_dll.lib C:\ProgramData\Anaconda3\Library\lib\mkl_core_dll.lib kernel32.lib user32.lib gdi32.lib winspool.lib shell32.lib ole32.lib oleaut32.lib uuid.lib comdlg32.lib advapi32.lib /MANIFEST /MANIFESTUAC:"level='asInvoker' uiAccess='false'" /manifest:embed /DEBUG /PDB:"C:/Users/Shravankumar147/Downloads/Documents/Github/learnings/PyEnv_tests/cv_project/dlib/build/CMakeFiles/CMakeTmp/Debug/cmTC_05f2d.pdb" /SUBSYSTEM:CONSOLE /TLBID:1 /DYNAMICBASE /NXCOMPAT /IMPLIB:"C:/Users/Shravankumar147/Downloads/Documents/Github/learnings/PyEnv_tests/cv_project/dlib/build/CMakeFiles/CMakeTmp/Debug/cmTC_05f2d.lib" /MACHINE:X86 /SAFESEH  /machine:X86 cmTC_05f2d.dir\Debug\CheckFunctionExists.obj
CheckFunctionExists.obj : error LNK2019: unresolved external symbol _sgemm_ referenced in function _main [C:\Users\Shravankumar147\Downloads\Documents\Github\learnings\PyEnv_tests\cv_project\dlib\build\CMakeFiles\CMakeTmp\cmTC_05f2d.vcxproj]
C:\ProgramData\Anaconda3\Library\lib\mkl_intel_lp64_dll.lib : warning LNK4272: library machine type 'x64' conflicts with target machine type 'X86' [C:\Users\Shravankumar147\Downloads\Documents\Github\learnings\PyEnv_tests\cv_project\dlib\build\CMakeFiles\CMakeTmp\cmTC_05f2d.vcxproj]
C:\ProgramData\Anaconda3\Library\lib\libiomp5md.lib : warning LNK4272: library machine type 'x64' conflicts with target machine type 'X86' [C:\Users\Shravankumar147\Downloads\Documents\Github\learnings\PyEnv_tests\cv_project\dlib\build\CMakeFiles\CMakeTmp\cmTC_05f2d.vcxproj]
C:\ProgramData\Anaconda3\Library\lib\mkl_intel_thread_dll.lib : warning LNK4272: library machine type 'x64' conflicts with target machine type 'X86' [C:\Users\Shravankumar147\Downloads\Documents\Github\learnings\PyEnv_tests\cv_project\dlib\build\CMakeFiles\CMakeTmp\cmTC_05f2d.vcxproj]
C:\ProgramData\Anaconda3\Library\lib\mkl_core_dll.lib : warning LNK4272: library machine type 'x64' conflicts with target machine type 'X86' [C:\Users\Shravankumar147\Downloads\Documents\Github\learnings\PyEnv_tests\cv_project\dlib\build\CMakeFiles\CMakeTmp\cmTC_05f2d.vcxproj]
C:\Users\Shravankumar147\Downloads\Documents\Github\learnings\PyEnv_tests\cv_project\dlib\build\CMakeFiles\CMakeTmp\Debug\cmTC_05f2d.exe : fatal error LNK1120: 1 unresolved externals [C:\Users\Shravankumar147\Downloads\Documents\Github\learnings\PyEnv_tests\cv_project\dlib\build\CMakeFiles\CMakeTmp\cmTC_05f2d.vcxproj]
Done Building Project "C:\Users\Shravankumar147\Downloads\Documents\Github\learnings\PyEnv_tests\cv_project\dlib\build\CMakeFiles\CMakeTmp\cmTC_05f2d.vcxproj" (default targets) -- FAILED.

Build FAILED.

"C:\Users\Shravankumar147\Downloads\Documents\Github\learnings\PyEnv_tests\cv_project\dlib\build\CMakeFiles\CMakeTmp\cmTC_05f2d.vcxproj" (default target) (1) ->
(Link target) -> 
  C:\ProgramData\Anaconda3\Library\lib\mkl_intel_lp64_dll.lib : warning LNK4272: library machine type 'x64' conflicts with target machine type 'X86' [C:\Users\Shravankumar147\Downloads\Documents\Github\learnings\PyEnv_tests\cv_project\dlib\build\CMakeFiles\CMakeTmp\cmTC_05f2d.vcxproj]
  C:\ProgramData\Anaconda3\Library\lib\libiomp5md.lib : warning LNK4272: library machine type 'x64' conflicts with target machine type 'X86' [C:\Users\Shravankumar147\Downloads\Documents\Github\learnings\PyEnv_tests\cv_project\dlib\build\CMakeFiles\CMakeTmp\cmTC_05f2d.vcxproj]
  C:\ProgramData\Anaconda3\Library\lib\mkl_intel_thread_dll.lib : warning LNK4272: library machine type 'x64' conflicts with target machine type 'X86' [C:\Users\Shravankumar147\Downloads\Documents\Github\learnings\PyEnv_tests\cv_project\dlib\build\CMakeFiles\CMakeTmp\cmTC_05f2d.vcxproj]
  C:\ProgramData\Anaconda3\Library\lib\mkl_core_dll.lib : warning LNK4272: library machine type 'x64' conflicts with target machine type 'X86' [C:\Users\Shravankumar147\Downloads\Documents\Github\learnings\PyEnv_tests\cv_project\dlib\build\CMakeFiles\CMakeTmp\cmTC_05f2d.vcxproj]


"C:\Users\Shravankumar147\Downloads\Documents\Github\learnings\PyEnv_tests\cv_project\dlib\build\CMakeFiles\CMakeTmp\cmTC_05f2d.vcxproj" (default target) (1) ->
(Link target) -> 
  CheckFunctionExists.obj : error LNK2019: unresolved external symbol _sgemm_ referenced in function _main [C:\Users\Shravankumar147\Downloads\Documents\Github\learnings\PyEnv_tests\cv_project\dlib\build\CMakeFiles\CMakeTmp\cmTC_05f2d.vcxproj]
  C:\Users\Shravankumar147\Downloads\Documents\Github\learnings\PyEnv_tests\cv_project\dlib\build\CMakeFiles\CMakeTmp\Debug\cmTC_05f2d.exe : fatal error LNK1120: 1 unresolved externals [C:\Users\Shravankumar147\Downloads\Documents\Github\learnings\PyEnv_tests\cv_project\dlib\build\CMakeFiles\CMakeTmp\cmTC_05f2d.vcxproj]

    4 Warning(s)
    2 Error(s)

Time Elapsed 00:00:02.50


Determining if the function sgemm_ exists failed with the following output:
Change Dir: C:/Users/Shravankumar147/Downloads/Documents/Github/learnings/PyEnv_tests/cv_project/dlib/build/CMakeFiles/CMakeTmp

Run Build Command:"C:/Program Files (x86)/MSBuild/14.0/bin/MSBuild.exe" "cmTC_91b20.vcxproj" "/p:Configuration=Debug" "/p:VisualStudioVersion=14.0"
Microsoft (R) Build Engine version 14.0.25420.1
Copyright (C) Microsoft Corporation. All rights reserved.

Build started 2/28/2019 23:06:32.
Project "C:\Users\Shravankumar147\Downloads\Documents\Github\learnings\PyEnv_tests\cv_project\dlib\build\CMakeFiles\CMakeTmp\cmTC_91b20.vcxproj" on node 1 (default targets).
PrepareForBuild:
  Creating directory "cmTC_91b20.dir\Debug\".
  Creating directory "C:\Users\Shravankumar147\Downloads\Documents\Github\learnings\PyEnv_tests\cv_project\dlib\build\CMakeFiles\CMakeTmp\Debug\".
  Creating directory "cmTC_91b20.dir\Debug\cmTC_91b20.tlog\".
InitializeBuildStatus:
  Creating "cmTC_91b20.dir\Debug\cmTC_91b20.tlog\unsuccessfulbuild" because "AlwaysCreate" was specified.
ClCompile:
  C:\Program Files (x86)\Microsoft Visual Studio 14.0\VC\bin\CL.exe /c /Zi /W3 /WX- /Od /Ob0 /Oy- /D WIN32 /D _WINDOWS /D CHECK_FUNCTION_EXISTS=sgemm_ /D "CMAKE_INTDIR=\"Debug\"" /D _MBCS /Gm- /RTC1 /MDd /GS /fp:precise /Zc:wchar_t /Zc:forScope /Zc:inline /Fo"cmTC_91b20.dir\Debug\\" /Fd"cmTC_91b20.dir\Debug\vc140.pdb" /Gd /TC /analyze- /errorReport:queue "C:\Program Files\CMake\share\cmake-3.11\Modules\CheckFunctionExists.c"
  Microsoft (R) C/C++ Optimizing Compiler Version 19.00.24210 for x86
  Copyright (C) Microsoft Corporation.  All rights reserved.
  
  cl /c /Zi /W3 /WX- /Od /Ob0 /Oy- /D WIN32 /D _WINDOWS /D CHECK_FUNCTION_EXISTS=sgemm_ /D "CMAKE_INTDIR=\"Debug\"" /D _MBCS /Gm- /RTC1 /MDd /GS /fp:precise /Zc:wchar_t /Zc:forScope /Zc:inline /Fo"cmTC_91b20.dir\Debug\\" /Fd"cmTC_91b20.dir\Debug\vc140.pdb" /Gd /TC /analyze- /errorReport:queue "C:\Program Files\CMake\share\cmake-3.11\Modules\CheckFunctionExists.c"
  
  CheckFunctionExists.c
Link:
  C:\Program Files (x86)\Microsoft Visual Studio 14.0\VC\bin\link.exe /ERRORREPORT:QUEUE /OUT:"C:\Users\Shravankumar147\Downloads\Documents\Github\learnings\PyEnv_tests\cv_project\dlib\build\CMakeFiles\CMakeTmp\Debug\cmTC_91b20.exe" /INCREMENTAL /NOLOGO C:\ProgramData\Anaconda3\Library\lib\mkl_intel_lp64_dll.lib C:\ProgramData\Anaconda3\Library\lib\mkl_sequential_dll.lib C:\ProgramData\Anaconda3\Library\lib\mkl_core_dll.lib kernel32.lib user32.lib gdi32.lib winspool.lib shell32.lib ole32.lib oleaut32.lib uuid.lib comdlg32.lib advapi32.lib /MANIFEST /MANIFESTUAC:"level='asInvoker' uiAccess='false'" /manifest:embed /DEBUG /PDB:"C:/Users/Shravankumar147/Downloads/Documents/Github/learnings/PyEnv_tests/cv_project/dlib/build/CMakeFiles/CMakeTmp/Debug/cmTC_91b20.pdb" /SUBSYSTEM:CONSOLE /TLBID:1 /DYNAMICBASE /NXCOMPAT /IMPLIB:"C:/Users/Shravankumar147/Downloads/Documents/Github/learnings/PyEnv_tests/cv_project/dlib/build/CMakeFiles/CMakeTmp/Debug/cmTC_91b20.lib" /MACHINE:X86 /SAFESEH  /machine:X86 cmTC_91b20.dir\Debug\CheckFunctionExists.obj
CheckFunctionExists.obj : error LNK2019: unresolved external symbol _sgemm_ referenced in function _main [C:\Users\Shravankumar147\Downloads\Documents\Github\learnings\PyEnv_tests\cv_project\dlib\build\CMakeFiles\CMakeTmp\cmTC_91b20.vcxproj]
C:\ProgramData\Anaconda3\Library\lib\mkl_intel_lp64_dll.lib : warning LNK4272: library machine type 'x64' conflicts with target machine type 'X86' [C:\Users\Shravankumar147\Downloads\Documents\Github\learnings\PyEnv_tests\cv_project\dlib\build\CMakeFiles\CMakeTmp\cmTC_91b20.vcxproj]
C:\ProgramData\Anaconda3\Library\lib\mkl_sequential_dll.lib : warning LNK4272: library machine type 'x64' conflicts with target machine type 'X86' [C:\Users\Shravankumar147\Downloads\Documents\Github\learnings\PyEnv_tests\cv_project\dlib\build\CMakeFiles\CMakeTmp\cmTC_91b20.vcxproj]
C:\ProgramData\Anaconda3\Library\lib\mkl_core_dll.lib : warning LNK4272: library machine type 'x64' conflicts with target machine type 'X86' [C:\Users\Shravankumar147\Downloads\Documents\Github\learnings\PyEnv_tests\cv_project\dlib\build\CMakeFiles\CMakeTmp\cmTC_91b20.vcxproj]
C:\Users\Shravankumar147\Downloads\Documents\Github\learnings\PyEnv_tests\cv_project\dlib\build\CMakeFiles\CMakeTmp\Debug\cmTC_91b20.exe : fatal error LNK1120: 1 unresolved externals [C:\Users\Shravankumar147\Downloads\Documents\Github\learnings\PyEnv_tests\cv_project\dlib\build\CMakeFiles\CMakeTmp\cmTC_91b20.vcxproj]
Done Building Project "C:\Users\Shravankumar147\Downloads\Documents\Github\learnings\PyEnv_tests\cv_project\dlib\build\CMakeFiles\CMakeTmp\cmTC_91b20.vcxproj" (default targets) -- FAILED.

Build FAILED.

"C:\Users\Shravankumar147\Downloads\Documents\Github\learnings\PyEnv_tests\cv_project\dlib\build\CMakeFiles\CMakeTmp\cmTC_91b20.vcxproj" (default target) (1) ->
(Link target) -> 
  C:\ProgramData\Anaconda3\Library\lib\mkl_intel_lp64_dll.lib : warning LNK4272: library machine type 'x64' conflicts with target machine type 'X86' [C:\Users\Shravankumar147\Downloads\Documents\Github\learnings\PyEnv_tests\cv_project\dlib\build\CMakeFiles\CMakeTmp\cmTC_91b20.vcxproj]
  C:\ProgramData\Anaconda3\Library\lib\mkl_sequential_dll.lib : warning LNK4272: library machine type 'x64' conflicts with target machine type 'X86' [C:\Users\Shravankumar147\Downloads\Documents\Github\learnings\PyEnv_tests\cv_project\dlib\build\CMakeFiles\CMakeTmp\cmTC_91b20.vcxproj]
  C:\ProgramData\Anaconda3\Library\lib\mkl_core_dll.lib : warning LNK4272: library machine type 'x64' conflicts with target machine type 'X86' [C:\Users\Shravankumar147\Downloads\Documents\Github\learnings\PyEnv_tests\cv_project\dlib\build\CMakeFiles\CMakeTmp\cmTC_91b20.vcxproj]


"C:\Users\Shravankumar147\Downloads\Documents\Github\learnings\PyEnv_tests\cv_project\dlib\build\CMakeFiles\CMakeTmp\cmTC_91b20.vcxproj" (default target) (1) ->
(Link target) -> 
  CheckFunctionExists.obj : error LNK2019: unresolved external symbol _sgemm_ referenced in function _main [C:\Users\Shravankumar147\Downloads\Documents\Github\learnings\PyEnv_tests\cv_project\dlib\build\CMakeFiles\CMakeTmp\cmTC_91b20.vcxproj]
  C:\Users\Shravankumar147\Downloads\Documents\Github\learnings\PyEnv_tests\cv_project\dlib\build\CMakeFiles\CMakeTmp\Debug\cmTC_91b20.exe : fatal error LNK1120: 1 unresolved externals [C:\Users\Shravankumar147\Downloads\Documents\Github\learnings\PyEnv_tests\cv_project\dlib\build\CMakeFiles\CMakeTmp\cmTC_91b20.vcxproj]

    3 Warning(s)
    2 Error(s)

Time Elapsed 00:00:02.38


