Determining if the include file pthread.h exists failed with the following output:
Change Dir: C:/Users/Shravankumar147/Downloads/Documents/Github/learnings/PyEnv_tests/cv_project/dlib/build/temp.win-amd64-3.6/Release/CMakeFiles/CMakeTmp

Run Build Command:"C:/Program Files (x86)/MSBuild/14.0/bin/MSBuild.exe" "cmTC_1f6b8.vcxproj" "/p:Configuration=Debug" "/p:VisualStudioVersion=14.0"
Microsoft (R) Build Engine version 14.0.25420.1
Copyright (C) Microsoft Corporation. All rights reserved.

Build started 2/28/2019 22:29:14.
Project "C:\Users\Shravankumar147\Downloads\Documents\Github\learnings\PyEnv_tests\cv_project\dlib\build\temp.win-amd64-3.6\Release\CMakeFiles\CMakeTmp\cmTC_1f6b8.vcxproj" on node 1 (default targets).
PrepareForBuild:
  Creating directory "cmTC_1f6b8.dir\Debug\".
  Creating directory "C:\Users\Shravankumar147\Downloads\Documents\Github\learnings\PyEnv_tests\cv_project\dlib\build\temp.win-amd64-3.6\Release\CMakeFiles\CMakeTmp\Debug\".
  Creating directory "cmTC_1f6b8.dir\Debug\cmTC_1f6b8.tlog\".
InitializeBuildStatus:
  Creating "cmTC_1f6b8.dir\Debug\cmTC_1f6b8.tlog\unsuccessfulbuild" because "AlwaysCreate" was specified.
ClCompile:
  C:\Program Files (x86)\Microsoft Visual Studio 14.0\VC\bin\x86_amd64\CL.exe /c /Zi /W3 /WX- /Od /Ob0 /D WIN32 /D _WINDOWS /D "CMAKE_INTDIR=\"Debug\"" /D _MBCS /Gm- /RTC1 /MDd /GS /fp:precise /Zc:wchar_t /Zc:forScope /Zc:inline /Fo"cmTC_1f6b8.dir\Debug\\" /Fd"cmTC_1f6b8.dir\Debug\vc140.pdb" /Gd /TC /errorReport:queue "C:\Users\Shravankumar147\Downloads\Documents\Github\learnings\PyEnv_tests\cv_project\dlib\build\temp.win-amd64-3.6\Release\CMakeFiles\CMakeTmp\CheckIncludeFile.c"
  Microsoft (R) C/C++ Optimizing Compiler Version 19.00.24210 for x64
  Copyright (C) Microsoft Corporation.  All rights reserved.
  
  CheckIncludeFile.c
  cl /c /Zi /W3 /WX- /Od /Ob0 /D WIN32 /D _WINDOWS /D "CMAKE_INTDIR=\"Debug\"" /D _MBCS /Gm- /RTC1 /MDd /GS /fp:precise /Zc:wchar_t /Zc:forScope /Zc:inline /Fo"cmTC_1f6b8.dir\Debug\\" /Fd"cmTC_1f6b8.dir\Debug\vc140.pdb" /Gd /TC /errorReport:queue "C:\Users\Shravankumar147\Downloads\Documents\Github\learnings\PyEnv_tests\cv_project\dlib\build\temp.win-amd64-3.6\Release\CMakeFiles\CMakeTmp\CheckIncludeFile.c"
  
C:\Users\Shravankumar147\Downloads\Documents\Github\learnings\PyEnv_tests\cv_project\dlib\build\temp.win-amd64-3.6\Release\CMakeFiles\CMakeTmp\CheckIncludeFile.c(1): fatal error C1083: Cannot open include file: 'pthread.h': No such file or directory [C:\Users\Shravankumar147\Downloads\Documents\Github\learnings\PyEnv_tests\cv_project\dlib\build\temp.win-amd64-3.6\Release\CMakeFiles\CMakeTmp\cmTC_1f6b8.vcxproj]
Done Building Project "C:\Users\Shravankumar147\Downloads\Documents\Github\learnings\PyEnv_tests\cv_project\dlib\build\temp.win-amd64-3.6\Release\CMakeFiles\CMakeTmp\cmTC_1f6b8.vcxproj" (default targets) -- FAILED.

Build FAILED.

"C:\Users\Shravankumar147\Downloads\Documents\Github\learnings\PyEnv_tests\cv_project\dlib\build\temp.win-amd64-3.6\Release\CMakeFiles\CMakeTmp\cmTC_1f6b8.vcxproj" (default target) (1) ->
(ClCompile target) -> 
  C:\Users\Shravankumar147\Downloads\Documents\Github\learnings\PyEnv_tests\cv_project\dlib\build\temp.win-amd64-3.6\Release\CMakeFiles\CMakeTmp\CheckIncludeFile.c(1): fatal error C1083: Cannot open include file: 'pthread.h': No such file or directory [C:\Users\Shravankumar147\Downloads\Documents\Github\learnings\PyEnv_tests\cv_project\dlib\build\temp.win-amd64-3.6\Release\CMakeFiles\CMakeTmp\cmTC_1f6b8.vcxproj]

    0 Warning(s)
    1 Error(s)

Time Elapsed 00:00:00.98


